<?xml version="1.0" encoding="UTF-8"?>
<testng-results skipped="0" failed="0" ignored="0" total="1" passed="1">
  <reporter-output>
    <line>
      <![CDATA[Browser successfully launched and navigated tochromeURL: https://www.dbs.com.sg/personal/cards/default.page]]>
    </line>
    <line>
      <![CDATA[Credit Cards tab is clicked]]>
    </line>
    <line>
      <![CDATA[Browser scrolled to view the contents]]>
    </line>
    <line>
      <![CDATA[DBS Flow is completed]]>
    </line>
  </reporter-output>
  <suite name="Suite" duration-ms="20477" started-at="2021-05-09T23:23:51 IST" finished-at="2021-05-09T23:24:11 IST">
    <groups>
    </groups>
    <test name="Test" duration-ms="20477" started-at="2021-05-09T23:23:51 IST" finished-at="2021-05-09T23:24:11 IST">
      <class name="tests.DBSFlow">
        <test-method status="PASS" signature="DBS_Sample_Flow_Test()[pri:0, instance:tests.DBSFlow@7aecef]" name="DBS_Sample_Flow_Test" duration-ms="20385" started-at="2021-05-09T23:23:51 IST" finished-at="2021-05-09T23:24:11 IST">
          <reporter-output>
            <line>
              <![CDATA[Browser successfully launched and navigated tochromeURL: https://www.dbs.com.sg/personal/cards/default.page]]>
            </line>
            <line>
              <![CDATA[Credit Cards tab is clicked]]>
            </line>
            <line>
              <![CDATA[Browser scrolled to view the contents]]>
            </line>
            <line>
              <![CDATA[DBS Flow is completed]]>
            </line>
          </reporter-output>
        </test-method> <!-- DBS_Sample_Flow_Test -->
      </class> <!-- tests.DBSFlow -->
    </test> <!-- Test -->
  </suite> <!-- Suite -->
</testng-results>
